<?xml version="1.0" encoding="UTF-8"?>
<testsuites tests="1" failures="0" errors="0" skipped="0">
  <testsuite name="Demo test POM" timestamp="2024-03-07T16:17:42" time="1.512" tests="1" failures="0" errors="0" skipped="0">
    <properties>
      <property name="specId" value="0"/>
      <property name="suiteName" value="Demo test POM"/>
      <property name="capabilities" value="chrome.122_0_6261_112.mac"/>
      <property name="file" value="file://./test/specs/login.spec.js"/>
    </properties>
    <testcase classname="chrome.122_0_6261_112.mac.Demo_test_POM" name="Login test with POM" time="1.51">
      <system-out><![CDATA[
COMMAND: POST /session/b35039422eb1f4ec89684a0c6fe87b85/url - {"url":"https://the-internet.herokuapp.com/login"}
RESULT: {"url":"https://the-internet.herokuapp.com/login"}
COMMAND: POST /session/b35039422eb1f4ec89684a0c6fe87b85/element - {"using":"css selector","value":"#username"}
RESULT: {"using":"css selector","value":"#username"}
COMMAND: POST /session/b35039422eb1f4ec89684a0c6fe87b85/element/f.359C2E2134931517C0C3211E59AF458B.d.D4D49D150966FCDE0FD729E8F9DBD7D1.e.4/clear - {}
RESULT: {}
COMMAND: POST /session/b35039422eb1f4ec89684a0c6fe87b85/element/f.359C2E2134931517C0C3211E59AF458B.d.D4D49D150966FCDE0FD729E8F9DBD7D1.e.4/value - {"text":"tomsmith"}
RESULT: {"text":"tomsmith"}
COMMAND: POST /session/b35039422eb1f4ec89684a0c6fe87b85/element - {"using":"css selector","value":"#password"}
RESULT: {"using":"css selector","value":"#password"}
COMMAND: POST /session/b35039422eb1f4ec89684a0c6fe87b85/element/f.359C2E2134931517C0C3211E59AF458B.d.D4D49D150966FCDE0FD729E8F9DBD7D1.e.5/clear - {}
RESULT: {}
COMMAND: POST /session/b35039422eb1f4ec89684a0c6fe87b85/element/f.359C2E2134931517C0C3211E59AF458B.d.D4D49D150966FCDE0FD729E8F9DBD7D1.e.5/value - {"text":"SuperSecretPassword!"}
RESULT: {"text":"SuperSecretPassword!"}
COMMAND: POST /session/b35039422eb1f4ec89684a0c6fe87b85/element - {"using":"css selector","value":"button[type=\"submit\"]"}
RESULT: {"using":"css selector","value":"button[type=\"submit\"]"}
COMMAND: POST /session/b35039422eb1f4ec89684a0c6fe87b85/element/f.359C2E2134931517C0C3211E59AF458B.d.D4D49D150966FCDE0FD729E8F9DBD7D1.e.6/click - {}
RESULT: {}
COMMAND: POST /session/b35039422eb1f4ec89684a0c6fe87b85/element - {"using":"xpath","value":"//*[@id=\"content\"]/div/h2"}
RESULT: {"using":"xpath","value":"//*[@id=\"content\"]/div/h2"}
COMMAND: GET /session/b35039422eb1f4ec89684a0c6fe87b85/element/f.359C2E2134931517C0C3211E59AF458B.d.94E1FDE83326DA8D89564F2D542575DB.e.14/text - {}
RESULT: {}
COMMAND: DELETE /session/b35039422eb1f4ec89684a0c6fe87b85 - {}
RESULT: {}
]]></system-out>
    </testcase>
  </testsuite>
</testsuites>