<?xml version="1.0" encoding="UTF-8"?>
<testsuites tests="1" failures="0" errors="0" skipped="0">
  <testsuite name="My Login application" timestamp="2024-03-07T16:17:42" time="1.564" tests="1" failures="0" errors="0" skipped="0">
    <properties>
      <property name="specId" value="0"/>
      <property name="suiteName" value="My Login application"/>
      <property name="capabilities" value="chrome.122_0_6261_112.mac"/>
      <property name="file" value="file://./test/specs/test.e2e.js"/>
    </properties>
    <testcase classname="chrome.122_0_6261_112.mac.My_Login_application" name="should login with valid credentials" time="1.562">
      <system-out><![CDATA[
COMMAND: POST /session/0d519aada345eff36fb46cbf50dc4eed/url - {"url":"https://the-internet.herokuapp.com/login"}
RESULT: {"url":"https://the-internet.herokuapp.com/login"}
COMMAND: POST /session/0d519aada345eff36fb46cbf50dc4eed/element - {"using":"css selector","value":"#username"}
RESULT: {"using":"css selector","value":"#username"}
COMMAND: POST /session/0d519aada345eff36fb46cbf50dc4eed/element/f.4983A537FC81B2F491052D49F5E3C43C.d.2CA715025F92DAEFEAB299C574728441.e.4/clear - {}
RESULT: {}
COMMAND: POST /session/0d519aada345eff36fb46cbf50dc4eed/element/f.4983A537FC81B2F491052D49F5E3C43C.d.2CA715025F92DAEFEAB299C574728441.e.4/value - {"text":"tomsmith"}
RESULT: {"text":"tomsmith"}
COMMAND: POST /session/0d519aada345eff36fb46cbf50dc4eed/element - {"using":"css selector","value":"#password"}
RESULT: {"using":"css selector","value":"#password"}
COMMAND: POST /session/0d519aada345eff36fb46cbf50dc4eed/element/f.4983A537FC81B2F491052D49F5E3C43C.d.2CA715025F92DAEFEAB299C574728441.e.5/clear - {}
RESULT: {}
COMMAND: POST /session/0d519aada345eff36fb46cbf50dc4eed/element/f.4983A537FC81B2F491052D49F5E3C43C.d.2CA715025F92DAEFEAB299C574728441.e.5/value - {"text":"SuperSecretPassword!"}
RESULT: {"text":"SuperSecretPassword!"}
COMMAND: POST /session/0d519aada345eff36fb46cbf50dc4eed/element - {"using":"css selector","value":"button[type=\"submit\"]"}
RESULT: {"using":"css selector","value":"button[type=\"submit\"]"}
COMMAND: POST /session/0d519aada345eff36fb46cbf50dc4eed/element/f.4983A537FC81B2F491052D49F5E3C43C.d.2CA715025F92DAEFEAB299C574728441.e.6/click - {}
RESULT: {}
COMMAND: POST /session/0d519aada345eff36fb46cbf50dc4eed/element - {"using":"css selector","value":"#flash"}
RESULT: {"using":"css selector","value":"#flash"}
COMMAND: POST /session/0d519aada345eff36fb46cbf50dc4eed/elements - {"using":"css selector","value":"#flash"}
RESULT: {"using":"css selector","value":"#flash"}
COMMAND: POST /session/0d519aada345eff36fb46cbf50dc4eed/element - {"using":"css selector","value":"#flash"}
RESULT: {"using":"css selector","value":"#flash"}
COMMAND: GET /session/0d519aada345eff36fb46cbf50dc4eed/element/f.4983A537FC81B2F491052D49F5E3C43C.d.9CC16E86B70DBCFE55E12DBA4C4F8F4D.e.14/text - {}
RESULT: {}
COMMAND: DELETE /session/0d519aada345eff36fb46cbf50dc4eed - {}
RESULT: {}
]]></system-out>
    </testcase>
  </testsuite>
</testsuites>